{"level":"warn","ts":1686148896.994861,"caller":"log/logger.go:36","msg":"Logger sync fail","error":"sync /dev/stdout: The handle is invalid."}
{"level":"error","ts":1686148897.001675,"caller":"app/app.go:37","msg":"ERR_INIT_REPOSITORY","error":"sql: undefined data source name ","stacktrace":"github.com/KbtuGophers/kiosk/account/internal/app.Run\n\tC:/Development/kiosk/account/internal/app/app.go:37\nmain.main\n\tC:/Development/kiosk/account/main.go:6\nruntime.main\n\tC:/Program Files/Go/src/runtime/proc.go:250"}
{"level":"warn","ts":1686148996.1664543,"caller":"log/logger.go:36","msg":"Logger sync fail","error":"sync /dev/stdout: The handle is invalid."}
{"level":"error","ts":1686148996.1674623,"caller":"app/app.go:37","msg":"ERR_INIT_REPOSITORY","error":"sql: undefined data source name ","stacktrace":"github.com/KbtuGophers/kiosk/account/internal/app.Run\n\tC:/Development/kiosk/account/internal/app/app.go:37\nmain.main\n\tC:/Development/kiosk/account/main.go:6\nruntime.main\n\tC:/Program Files/Go/src/runtime/proc.go:250"}
{"level":"warn","ts":1686149024.3162787,"caller":"log/logger.go:36","msg":"Logger sync fail","error":"sync /dev/stdout: The handle is invalid."}
{"level":"error","ts":1686149024.3173766,"caller":"app/app.go:37","msg":"ERR_INIT_REPOSITORY","error":"sql: undefined data source name ","stacktrace":"github.com/KbtuGophers/kiosk/account/internal/app.Run\n\tC:/Development/kiosk/account/internal/app/app.go:37\nmain.main\n\tC:/Development/kiosk/account/main.go:6\nruntime.main\n\tC:/Program Files/Go/src/runtime/proc.go:250"}
{"level":"warn","ts":1686149061.1372874,"caller":"log/logger.go:36","msg":"Logger sync fail","error":"sync /dev/stdout: The handle is invalid."}
{"level":"error","ts":1686149061.138557,"caller":"app/app.go:37","msg":"ERR_INIT_REPOSITORY","error":"sql: undefined data source name ","stacktrace":"github.com/KbtuGophers/kiosk/account/internal/app.Run\n\tC:/Development/kiosk/account/internal/app/app.go:37\nmain.main\n\tC:/Development/kiosk/account/main.go:6\nruntime.main\n\tC:/Program Files/Go/src/runtime/proc.go:250"}
{"level":"warn","ts":1686150256.6929786,"caller":"log/logger.go:36","msg":"Logger sync fail","error":"sync /dev/stdout: The handle is invalid."}
{"level":"error","ts":1686150256.694595,"caller":"app/app.go:37","msg":"ERR_INIT_REPOSITORY","error":"sql: undefined data source name ","stacktrace":"github.com/KbtuGophers/kiosk/account/internal/app.Run\n\tC:/Development/kiosk/account/internal/app/app.go:37\nmain.main\n\tC:/Development/kiosk/account/main.go:6\nruntime.main\n\tC:/Program Files/Go/src/runtime/proc.go:250"}
{"level":"warn","ts":1686150290.9093597,"caller":"log/logger.go:36","msg":"Logger sync fail","error":"sync /dev/stdout: The handle is invalid."}
{"level":"error","ts":1686150290.910578,"caller":"app/app.go:37","msg":"ERR_INIT_REPOSITORY","error":"sql: undefined data source name ","stacktrace":"github.com/KbtuGophers/kiosk/account/internal/app.Run\n\tC:/Development/kiosk/account/internal/app/app.go:37\nmain.main\n\tC:/Development/kiosk/account/main.go:6\nruntime.main\n\tC:/Program Files/Go/src/runtime/proc.go:250"}
{"level":"warn","ts":1686150348.9673924,"caller":"log/logger.go:36","msg":"Logger sync fail","error":"sync /dev/stdout: The handle is invalid."}
{"level":"error","ts":1686150348.968483,"caller":"app/app.go:37","msg":"ERR_INIT_REPOSITORY","error":"sql: undefined data source name ","stacktrace":"github.com/KbtuGophers/kiosk/account/internal/app.Run\n\tC:/Development/kiosk/account/internal/app/app.go:37\nmain.main\n\tC:/Development/kiosk/account/main.go:6\nruntime.main\n\tC:/Program Files/Go/src/runtime/proc.go:250"}
{"level":"warn","ts":1686150369.5854328,"caller":"log/logger.go:36","msg":"Logger sync fail","error":"sync /dev/stdout: The handle is invalid."}
{"level":"error","ts":1686150369.587193,"caller":"app/app.go:37","msg":"ERR_INIT_REPOSITORY","error":"sql: undefined data source name ","stacktrace":"github.com/KbtuGophers/kiosk/account/internal/app.Run\n\tC:/Development/kiosk/account/internal/app/app.go:37\nmain.main\n\tC:/Development/kiosk/account/main.go:6\nruntime.main\n\tC:/Program Files/Go/src/runtime/proc.go:250"}
{"level":"warn","ts":1686150401.2374978,"caller":"log/logger.go:36","msg":"Logger sync fail","error":"sync /dev/stdout: The handle is invalid."}
{"level":"error","ts":1686150401.2385743,"caller":"app/app.go:37","msg":"ERR_INIT_REPOSITORY","error":"sql: undefined data source name ","stacktrace":"github.com/KbtuGophers/kiosk/account/internal/app.Run\n\tC:/Development/kiosk/account/internal/app/app.go:37\nmain.main\n\tC:/Development/kiosk/account/main.go:6\nruntime.main\n\tC:/Program Files/Go/src/runtime/proc.go:250"}
{"level":"warn","ts":1686150447.6329205,"caller":"log/logger.go:36","msg":"Logger sync fail","error":"sync /dev/stdout: The handle is invalid."}
{"level":"error","ts":1686150447.63508,"caller":"app/app.go:38","msg":"ERR_INIT_REPOSITORY","error":"sql: undefined data source name ","stacktrace":"github.com/KbtuGophers/kiosk/account/internal/app.Run\n\tC:/Development/kiosk/account/internal/app/app.go:38\nmain.main\n\tC:/Development/kiosk/account/main.go:6\nruntime.main\n\tC:/Program Files/Go/src/runtime/proc.go:250"}
{"level":"warn","ts":1686150575.5525036,"caller":"log/logger.go:36","msg":"Logger sync fail","error":"sync /dev/stdout: The handle is invalid."}
{"level":"error","ts":1686150575.5535984,"caller":"app/app.go:38","msg":"ERR_INIT_REPOSITORY","error":"sql: undefined data source name ","stacktrace":"github.com/KbtuGophers/kiosk/account/internal/app.Run\n\tC:/Development/kiosk/account/internal/app/app.go:38\nmain.main\n\tC:/Development/kiosk/account/main.go:6\nruntime.main\n\tC:/Program Files/Go/src/runtime/proc.go:250"}
{"level":"warn","ts":1686150620.30705,"caller":"log/logger.go:36","msg":"Logger sync fail","error":"sync /dev/stdout: The handle is invalid."}
{"level":"error","ts":1686150620.3081996,"caller":"app/app.go:38","msg":"ERR_INIT_REPOSITORY","error":"sql: undefined data source name ","stacktrace":"github.com/KbtuGophers/kiosk/account/internal/app.Run\n\tC:/Development/kiosk/account/internal/app/app.go:38\nmain.main\n\tC:/Development/kiosk/account/main.go:6\nruntime.main\n\tC:/Program Files/Go/src/runtime/proc.go:250"}
{"level":"warn","ts":1686150767.4340427,"caller":"log/logger.go:36","msg":"Logger sync fail","error":"sync /dev/stdout: The handle is invalid."}
{"level":"error","ts":1686150767.4352171,"caller":"app/app.go:38","msg":"ERR_INIT_REPOSITORY","error":"sql: undefined data source name ","stacktrace":"github.com/KbtuGophers/kiosk/account/internal/app.Run\n\tC:/Development/kiosk/account/internal/app/app.go:38\nmain.main\n\tC:/Development/kiosk/account/main.go:6\nruntime.main\n\tC:/Program Files/Go/src/runtime/proc.go:250"}
{"level":"warn","ts":1686150805.9417465,"caller":"log/logger.go:36","msg":"Logger sync fail","error":"sync /dev/stdout: The handle is invalid."}
{"level":"error","ts":1686150805.9435253,"caller":"app/app.go:31","msg":"ERR_INIT_CONFIG","error":"specification must be a struct pointer","stacktrace":"github.com/KbtuGophers/kiosk/account/internal/app.Run\n\tC:/Development/kiosk/account/internal/app/app.go:31\nmain.main\n\tC:/Development/kiosk/account/main.go:6\nruntime.main\n\tC:/Program Files/Go/src/runtime/proc.go:250"}
{"level":"warn","ts":1686150841.961213,"caller":"log/logger.go:36","msg":"Logger sync fail","error":"sync /dev/stdout: The handle is invalid."}
{"level":"warn","ts":1686150939.794124,"caller":"log/logger.go:36","msg":"Logger sync fail","error":"sync /dev/stdout: The handle is invalid."}
{"level":"warn","ts":1686150988.846561,"caller":"log/logger.go:36","msg":"Logger sync fail","error":"sync /dev/stdout: The handle is invalid."}
{"level":"warn","ts":1686151023.420974,"caller":"log/logger.go:36","msg":"Logger sync fail","error":"sync /dev/stdout: The handle is invalid."}
{"level":"warn","ts":1686151071.8838098,"caller":"log/logger.go:36","msg":"Logger sync fail","error":"sync /dev/stdout: The handle is invalid."}
{"level":"warn","ts":1686151077.8074763,"caller":"log/logger.go:36","msg":"Logger sync fail","error":"sync /dev/stdout: The handle is invalid."}
{"level":"warn","ts":1686151114.4167018,"caller":"log/logger.go:36","msg":"Logger sync fail","error":"sync /dev/stdout: The handle is invalid."}
{"level":"warn","ts":1686151492.9134488,"caller":"log/logger.go:36","msg":"Logger sync fail","error":"sync /dev/stdout: The handle is invalid."}
{"level":"warn","ts":1686151514.7991097,"caller":"log/logger.go:36","msg":"Logger sync fail","error":"sync /dev/stdout: The handle is invalid."}
{"level":"error","ts":1686151514.946111,"caller":"app/app.go:38","msg":"ERR_INIT_REPOSITORY","error":"source driver: unknown driver 'file' (forgotten import?)","stacktrace":"github.com/KbtuGophers/kiosk/account/internal/app.Run\n\tC:/Development/kiosk/account/internal/app/app.go:38\nmain.main\n\tC:/Development/kiosk/account/main.go:6\nruntime.main\n\tC:/Program Files/Go/src/runtime/proc.go:250"}
{"level":"warn","ts":1686151525.4769166,"caller":"log/logger.go:36","msg":"Logger sync fail","error":"sync /dev/stdout: The handle is invalid."}
{"level":"error","ts":1686151525.5195343,"caller":"app/app.go:38","msg":"ERR_INIT_REPOSITORY","error":"source driver: unknown driver 'file' (forgotten import?)","stacktrace":"github.com/KbtuGophers/kiosk/account/internal/app.Run\n\tC:/Development/kiosk/account/internal/app/app.go:38\nmain.main\n\tC:/Development/kiosk/account/main.go:6\nruntime.main\n\tC:/Program Files/Go/src/runtime/proc.go:250"}
{"level":"warn","ts":1686151692.4557729,"caller":"log/logger.go:36","msg":"Logger sync fail","error":"sync /dev/stdout: The handle is invalid."}
{"level":"error","ts":1686151692.7145262,"caller":"app/app.go:38","msg":"ERR_INIT_REPOSITORY","error":"migration failed: relation \"address\" does not exist in line 0: CREATE TABLE IF NOT EXISTS accounts\r\n(\r\n    created_at   TIMESTAMP DEFAULT CURRENT_TIMESTAMP,\r\n    updated_at   TIMESTAMP DEFAULT CURRENT_TIMESTAMP,\r\n    id           SERIAL PRIMARY KEY,\r\n    user_name    VARCHAR NOT NULL,\r\n    phone_number    VARCHAR NOT NULL,\r\n    address_id    VARCHAR NOT NULL,\r\n    account_type_id VARCHAR NOT NULL ,\r\n    profile_photo VARCHAR NOT NULL,\r\n    FOREIGN KEY (address_id) REFERENCES address (id) ,\r\n    FOREIGN KEY (account_type_id) REFERENCES account_types (id)\r\n\r\n);\r\n\r\nCREATE TABLE IF NOT EXISTS address\r\n(\r\n    created_at   TIMESTAMP DEFAULT CURRENT_TIMESTAMP,\r\n    updated_at   TIMESTAMP DEFAULT CURRENT_TIMESTAMP,\r\n    id           SERIAL PRIMARY KEY,\r\n    label      VARCHAR NOT NULL,\r\n    street     VARCHAR NOT NULL,\r\n    city       VARCHAR NOT NULL,\r\n    postal_code VARCHAR NOT NULL,\r\n    country    VARCHAR NOT NULL\r\n);\r\n\r\nCREATE TABLE IF NOT EXISTS account_types\r\n(\r\n    created_at   TIMESTAMP DEFAULT CURRENT_TIMESTAMP,\r\n    updated_at   TIMESTAMP DEFAULT CURRENT_TIMESTAMP,\r\n    id           SERIAL PRIMARY KEY,\r\n    name         VARCHAR NOT NULL\r\n) (details: pq: relation \"address\" does not exist)","stacktrace":"github.com/KbtuGophers/kiosk/account/internal/app.Run\n\tC:/Development/kiosk/account/internal/app/app.go:38\nmain.main\n\tC:/Development/kiosk/account/main.go:6\nruntime.main\n\tC:/Program Files/Go/src/runtime/proc.go:250"}
{"level":"warn","ts":1686151788.5531816,"caller":"log/logger.go:36","msg":"Logger sync fail","error":"sync /dev/stdout: The handle is invalid."}
{"level":"error","ts":1686151788.6350455,"caller":"app/app.go:38","msg":"ERR_INIT_REPOSITORY","error":"Dirty database version 1. Fix and force version.","stacktrace":"github.com/KbtuGophers/kiosk/account/internal/app.Run\n\tC:/Development/kiosk/account/internal/app/app.go:38\nmain.main\n\tC:/Development/kiosk/account/main.go:6\nruntime.main\n\tC:/Program Files/Go/src/runtime/proc.go:250"}
{"level":"warn","ts":1686151839.2566047,"caller":"log/logger.go:36","msg":"Logger sync fail","error":"sync /dev/stdout: The handle is invalid."}
{"level":"error","ts":1686151839.3457835,"caller":"app/app.go:38","msg":"ERR_INIT_REPOSITORY","error":"Dirty database version 1. Fix and force version.","stacktrace":"github.com/KbtuGophers/kiosk/account/internal/app.Run\n\tC:/Development/kiosk/account/internal/app/app.go:38\nmain.main\n\tC:/Development/kiosk/account/main.go:6\nruntime.main\n\tC:/Program Files/Go/src/runtime/proc.go:250"}
{"level":"warn","ts":1686151842.6861746,"caller":"log/logger.go:36","msg":"Logger sync fail","error":"sync /dev/stdout: The handle is invalid."}
{"level":"error","ts":1686151842.762632,"caller":"app/app.go:38","msg":"ERR_INIT_REPOSITORY","error":"Dirty database version 1. Fix and force version.","stacktrace":"github.com/KbtuGophers/kiosk/account/internal/app.Run\n\tC:/Development/kiosk/account/internal/app/app.go:38\nmain.main\n\tC:/Development/kiosk/account/main.go:6\nruntime.main\n\tC:/Program Files/Go/src/runtime/proc.go:250"}
{"level":"warn","ts":1686151864.1750777,"caller":"log/logger.go:36","msg":"Logger sync fail","error":"sync /dev/stdout: The handle is invalid."}
{"level":"warn","ts":1686151876.679747,"caller":"log/logger.go:36","msg":"Logger sync fail","error":"sync /dev/stdout: The handle is invalid."}
{"level":"warn","ts":1686151894.441547,"caller":"log/logger.go:36","msg":"Logger sync fail","error":"sync /dev/stdout: The handle is invalid."}
{"level":"warn","ts":1686151910.5093954,"caller":"log/logger.go:36","msg":"Logger sync fail","error":"sync /dev/stdout: The handle is invalid."}
{"level":"warn","ts":1686153000.138356,"caller":"log/logger.go:36","msg":"Logger sync fail","error":"sync /dev/stdout: The handle is invalid."}
{"level":"warn","ts":1686153109.3386903,"caller":"log/logger.go:36","msg":"Logger sync fail","error":"sync /dev/stdout: The handle is invalid."}
{"level":"warn","ts":1686153141.3457613,"caller":"log/logger.go:36","msg":"Logger sync fail","error":"sync /dev/stdout: The handle is invalid."}
{"level":"warn","ts":1686153158.6277566,"caller":"log/logger.go:36","msg":"Logger sync fail","error":"sync /dev/stdout: The handle is invalid."}
{"level":"warn","ts":1686153237.4039488,"caller":"log/logger.go:36","msg":"Logger sync fail","error":"sync /dev/stdout: The handle is invalid."}
{"level":"warn","ts":1686153267.7993398,"caller":"log/logger.go:36","msg":"Logger sync fail","error":"sync /dev/stdout: The handle is invalid."}
{"level":"warn","ts":1686153297.6339898,"caller":"log/logger.go:36","msg":"Logger sync fail","error":"sync /dev/stdout: The handle is invalid."}
{"level":"warn","ts":1686153305.1389194,"caller":"log/logger.go:36","msg":"Logger sync fail","error":"sync /dev/stdout: The handle is invalid."}
{"level":"warn","ts":1686153343.0080335,"caller":"log/logger.go:36","msg":"Logger sync fail","error":"sync /dev/stdout: The handle is invalid."}
{"level":"warn","ts":1686153593.085056,"caller":"log/logger.go:36","msg":"Logger sync fail","error":"sync /dev/stdout: The handle is invalid."}
{"level":"warn","ts":1686153641.214657,"caller":"log/logger.go:36","msg":"Logger sync fail","error":"sync /dev/stdout: The handle is invalid."}
{"level":"warn","ts":1686153695.1398995,"caller":"log/logger.go:36","msg":"Logger sync fail","error":"sync /dev/stdout: The handle is invalid."}
{"level":"warn","ts":1686153760.9303455,"caller":"log/logger.go:36","msg":"Logger sync fail","error":"sync /dev/stdout: The handle is invalid."}
{"level":"warn","ts":1686153878.475612,"caller":"log/logger.go:36","msg":"Logger sync fail","error":"sync /dev/stdout: The handle is invalid."}
{"level":"warn","ts":1686154170.105078,"caller":"log/logger.go:36","msg":"Logger sync fail","error":"sync /dev/stdout: The handle is invalid."}
{"level":"warn","ts":1686154263.3641934,"caller":"log/logger.go:36","msg":"Logger sync fail","error":"sync /dev/stdout: The handle is invalid."}
{"level":"error","ts":1686154263.54072,"caller":"app/app.go:37","msg":"ERR_INIT_REPOSITORY","error":"no schema","stacktrace":"github.com/KbtuGophers/kiosk/account/internal/app.Run\n\tC:/Development/kiosk/account/internal/app/app.go:37\nmain.main\n\tC:/Development/kiosk/account/main.go:6\nruntime.main\n\tC:/Program Files/Go/src/runtime/proc.go:250"}
{"level":"warn","ts":1686154311.3711329,"caller":"log/logger.go:36","msg":"Logger sync fail","error":"sync /dev/stdout: The handle is invalid."}
{"level":"error","ts":1686154311.4817019,"caller":"app/app.go:37","msg":"ERR_INIT_REPOSITORY","error":"migration failed: syntax error at or near \"CREATE\" (column 20) in line 20: CREATE TABLE IF NOT EXISTS address\r\n(\r\n    created_at   TIMESTAMP DEFAULT CURRENT_TIMESTAMP,\r\n    updated_at   TIMESTAMP DEFAULT CURRENT_TIMESTAMP,\r\n    id           SERIAL PRIMARY KEY,\r\n    label      VARCHAR NOT NULL,\r\n    street     VARCHAR NOT NULL,\r\n    city       VARCHAR NOT NULL,\r\n    postal_code VARCHAR NOT NULL,\r\n    country    VARCHAR NOT NULL\r\n);\r\n\r\nCREATE TABLE IF NOT EXISTS account_types\r\n(\r\n    created_at   TIMESTAMP DEFAULT CURRENT_TIMESTAMP,\r\n    updated_at   TIMESTAMP DEFAULT CURRENT_TIMESTAMP,\r\n    id           SERIAL PRIMARY KEY,\r\n    name         VARCHAR NOT NULL\r\n)\r\nCREATE TABLE IF NOT EXISTS accounts\r\n(\r\n    created_at   TIMESTAMP DEFAULT CURRENT_TIMESTAMP,\r\n    updated_at   TIMESTAMP DEFAULT CURRENT_TIMESTAMP,\r\n    id           SERIAL PRIMARY KEY,\r\n    user_name    VARCHAR NOT NULL,\r\n    phone_number    VARCHAR NOT NULL,\r\n    address_id    VARCHAR NOT NULL,\r\n    account_type_id VARCHAR NOT NULL ,\r\n    profile_photo VARCHAR NOT NULL,\r\n    FOREIGN KEY (address_id) REFERENCES address (id) ,\r\n    FOREIGN KEY (account_type_id) REFERENCES account_types (id)\r\n\r\n); (details: pq: syntax error at or near \"CREATE\")","stacktrace":"github.com/KbtuGophers/kiosk/account/internal/app.Run\n\tC:/Development/kiosk/account/internal/app/app.go:37\nmain.main\n\tC:/Development/kiosk/account/main.go:6\nruntime.main\n\tC:/Program Files/Go/src/runtime/proc.go:250"}
{"level":"warn","ts":1686154344.7266915,"caller":"log/logger.go:36","msg":"Logger sync fail","error":"sync /dev/stdout: The handle is invalid."}
{"level":"error","ts":1686154344.9099314,"caller":"app/app.go:37","msg":"ERR_INIT_REPOSITORY","error":"Dirty database version 1. Fix and force version.","stacktrace":"github.com/KbtuGophers/kiosk/account/internal/app.Run\n\tC:/Development/kiosk/account/internal/app/app.go:37\nmain.main\n\tC:/Development/kiosk/account/main.go:6\nruntime.main\n\tC:/Program Files/Go/src/runtime/proc.go:250"}
{"level":"warn","ts":1686154487.870003,"caller":"log/logger.go:36","msg":"Logger sync fail","error":"sync /dev/stdout: The handle is invalid."}
{"level":"error","ts":1686154488.0413854,"caller":"app/app.go:37","msg":"ERR_INIT_REPOSITORY","error":"no schema","stacktrace":"github.com/KbtuGophers/kiosk/account/internal/app.Run\n\tC:/Development/kiosk/account/internal/app/app.go:37\nmain.main\n\tC:/Development/kiosk/account/main.go:6\nruntime.main\n\tC:/Program Files/Go/src/runtime/proc.go:250"}
{"level":"warn","ts":1686154533.1189609,"caller":"log/logger.go:36","msg":"Logger sync fail","error":"sync /dev/stdout: The handle is invalid."}
{"level":"error","ts":1686154533.2410576,"caller":"app/app.go:37","msg":"ERR_INIT_REPOSITORY","error":"migration failed: foreign key constraint \"accounts_address_id_fkey\" cannot be implemented, Key columns \"address_id\" and \"id\" are of incompatible types: character varying and integer. in line 0: CREATE TABLE IF NOT EXISTS address\r\n(\r\n    created_at   TIMESTAMP DEFAULT CURRENT_TIMESTAMP,\r\n    updated_at   TIMESTAMP DEFAULT CURRENT_TIMESTAMP,\r\n    id           SERIAL PRIMARY KEY,\r\n    label      VARCHAR NOT NULL,\r\n    street     VARCHAR NOT NULL,\r\n    city       VARCHAR NOT NULL,\r\n    postal_code VARCHAR NOT NULL,\r\n    country    VARCHAR NOT NULL\r\n);\r\n\r\nCREATE TABLE IF NOT EXISTS account_types\r\n(\r\n    created_at   TIMESTAMP DEFAULT CURRENT_TIMESTAMP,\r\n    updated_at   TIMESTAMP DEFAULT CURRENT_TIMESTAMP,\r\n    id           SERIAL PRIMARY KEY,\r\n    name         VARCHAR NOT NULL\r\n);\r\nCREATE TABLE IF NOT EXISTS accounts\r\n(\r\n    created_at   TIMESTAMP DEFAULT CURRENT_TIMESTAMP,\r\n    updated_at   TIMESTAMP DEFAULT CURRENT_TIMESTAMP,\r\n    id           SERIAL PRIMARY KEY,\r\n    user_name    VARCHAR NOT NULL,\r\n    phone_number    VARCHAR NOT NULL,\r\n    address_id    VARCHAR NOT NULL,\r\n    account_type_id VARCHAR NOT NULL ,\r\n    profile_photo VARCHAR NOT NULL,\r\n    FOREIGN KEY (address_id) REFERENCES address (id) ,\r\n    FOREIGN KEY (account_type_id) REFERENCES account_types (id)\r\n\r\n); (details: pq: foreign key constraint \"accounts_address_id_fkey\" cannot be implemented)","stacktrace":"github.com/KbtuGophers/kiosk/account/internal/app.Run\n\tC:/Development/kiosk/account/internal/app/app.go:37\nmain.main\n\tC:/Development/kiosk/account/main.go:6\nruntime.main\n\tC:/Program Files/Go/src/runtime/proc.go:250"}
{"level":"warn","ts":1686154600.2857525,"caller":"log/logger.go:36","msg":"Logger sync fail","error":"sync /dev/stdout: The handle is invalid."}
{"level":"error","ts":1686154600.3690956,"caller":"app/app.go:37","msg":"ERR_INIT_REPOSITORY","error":"Dirty database version 1. Fix and force version.","stacktrace":"github.com/KbtuGophers/kiosk/account/internal/app.Run\n\tC:/Development/kiosk/account/internal/app/app.go:37\nmain.main\n\tC:/Development/kiosk/account/main.go:6\nruntime.main\n\tC:/Program Files/Go/src/runtime/proc.go:250"}
{"level":"warn","ts":1686154958.6681557,"caller":"log/logger.go:36","msg":"Logger sync fail","error":"sync /dev/stdout: The handle is invalid."}
{"level":"error","ts":1686154958.9682233,"caller":"app/app.go:37","msg":"ERR_INIT_REPOSITORY","error":"Dirty database version 1. Fix and force version.","stacktrace":"github.com/KbtuGophers/kiosk/account/internal/app.Run\n\tC:/Development/kiosk/account/internal/app/app.go:37\nmain.main\n\tC:/Development/kiosk/account/main.go:6\nruntime.main\n\tC:/Program Files/Go/src/runtime/proc.go:250"}
{"level":"warn","ts":1686155717.0067844,"caller":"log/logger.go:36","msg":"Logger sync fail","error":"sync /dev/stdout: The handle is invalid."}
{"level":"error","ts":1686155717.0999002,"caller":"app/app.go:37","msg":"ERR_INIT_REPOSITORY","error":"Dirty database version 1. Fix and force version.","stacktrace":"github.com/KbtuGophers/kiosk/account/internal/app.Run\n\tC:/Development/kiosk/account/internal/app/app.go:37\nmain.main\n\tC:/Development/kiosk/account/main.go:6\nruntime.main\n\tC:/Program Files/Go/src/runtime/proc.go:250"}
{"level":"warn","ts":1686155725.9101555,"caller":"log/logger.go:36","msg":"Logger sync fail","error":"sync /dev/stdout: The handle is invalid."}
{"level":"error","ts":1686155726.1103327,"caller":"app/app.go:37","msg":"ERR_INIT_REPOSITORY","error":"Dirty database version 1. Fix and force version.","stacktrace":"github.com/KbtuGophers/kiosk/account/internal/app.Run\n\tC:/Development/kiosk/account/internal/app/app.go:37\nmain.main\n\tC:/Development/kiosk/account/main.go:6\nruntime.main\n\tC:/Program Files/Go/src/runtime/proc.go:250"}
{"level":"warn","ts":1686155739.0851753,"caller":"log/logger.go:36","msg":"Logger sync fail","error":"sync /dev/stdout: The handle is invalid."}
{"level":"error","ts":1686155739.269356,"caller":"app/app.go:37","msg":"ERR_INIT_REPOSITORY","error":"Dirty database version 1. Fix and force version.","stacktrace":"github.com/KbtuGophers/kiosk/account/internal/app.Run\n\tC:/Development/kiosk/account/internal/app/app.go:37\nmain.main\n\tC:/Development/kiosk/account/main.go:6\nruntime.main\n\tC:/Program Files/Go/src/runtime/proc.go:250"}
{"level":"warn","ts":1686155748.1665347,"caller":"log/logger.go:36","msg":"Logger sync fail","error":"sync /dev/stdout: The handle is invalid."}
{"level":"error","ts":1686155748.2519815,"caller":"app/app.go:37","msg":"ERR_INIT_REPOSITORY","error":"Dirty database version 1. Fix and force version.","stacktrace":"github.com/KbtuGophers/kiosk/account/internal/app.Run\n\tC:/Development/kiosk/account/internal/app/app.go:37\nmain.main\n\tC:/Development/kiosk/account/main.go:6\nruntime.main\n\tC:/Program Files/Go/src/runtime/proc.go:250"}
{"level":"warn","ts":1686159324.8554955,"caller":"log/logger.go:36","msg":"Logger sync fail","error":"sync /dev/stdout: The handle is invalid."}
{"level":"warn","ts":1686159652.1659722,"caller":"log/logger.go:36","msg":"Logger sync fail","error":"sync /dev/stdout: The handle is invalid."}
{"level":"warn","ts":1686159873.6496763,"caller":"log/logger.go:36","msg":"Logger sync fail","error":"sync /dev/stdout: The handle is invalid."}
{"level":"error","ts":1686159873.715589,"caller":"app/app.go:37","msg":"ERR_INIT_REPOSITORY","error":"source driver: unknown driver 'file' (forgotten import?)","stacktrace":"github.com/KbtuGophers/kiosk/account/internal/app.Run\n\tC:/Development/kiosk/account/internal/app/app.go:37\nmain.main\n\tC:/Development/kiosk/account/main.go:6\nruntime.main\n\tC:/Program Files/Go/src/runtime/proc.go:250"}
{"level":"warn","ts":1686160017.8136961,"caller":"log/logger.go:36","msg":"Logger sync fail","error":"sync /dev/stdout: The handle is invalid."}
{"level":"error","ts":1686160017.969115,"caller":"app/app.go:37","msg":"ERR_INIT_REPOSITORY","error":"source driver: unknown driver 'file' (forgotten import?)","stacktrace":"github.com/KbtuGophers/kiosk/account/internal/app.Run\n\tC:/Development/kiosk/account/internal/app/app.go:37\nmain.main\n\tC:/Development/kiosk/account/main.go:6\nruntime.main\n\tC:/Program Files/Go/src/runtime/proc.go:250"}
{"level":"warn","ts":1686160037.6791296,"caller":"log/logger.go:36","msg":"Logger sync fail","error":"sync /dev/stdout: The handle is invalid."}
{"level":"error","ts":1686160037.8279634,"caller":"app/app.go:37","msg":"ERR_INIT_REPOSITORY","error":"source driver: unknown driver 'file' (forgotten import?)","stacktrace":"github.com/KbtuGophers/kiosk/account/internal/app.Run\n\tC:/Development/kiosk/account/internal/app/app.go:37\nmain.main\n\tC:/Development/kiosk/account/main.go:6\nruntime.main\n\tC:/Program Files/Go/src/runtime/proc.go:250"}
{"level":"warn","ts":1686160044.5096624,"caller":"log/logger.go:36","msg":"Logger sync fail","error":"sync /dev/stdout: The handle is invalid."}
{"level":"error","ts":1686160044.5534117,"caller":"app/app.go:37","msg":"ERR_INIT_REPOSITORY","error":"source driver: unknown driver 'file' (forgotten import?)","stacktrace":"github.com/KbtuGophers/kiosk/account/internal/app.Run\n\tC:/Development/kiosk/account/internal/app/app.go:37\nmain.main\n\tC:/Development/kiosk/account/main.go:6\nruntime.main\n\tC:/Program Files/Go/src/runtime/proc.go:250"}
{"level":"warn","ts":1686160384.8283987,"caller":"log/logger.go:36","msg":"Logger sync fail","error":"sync /dev/stdout: The handle is invalid."}
{"level":"error","ts":1686160384.9938002,"caller":"app/app.go:37","msg":"ERR_INIT_REPOSITORY","error":"source driver: unknown driver 'file' (forgotten import?)","stacktrace":"github.com/KbtuGophers/kiosk/account/internal/app.Run\n\tC:/Development/kiosk/account/internal/app/app.go:37\nmain.main\n\tC:/Development/kiosk/account/main.go:6\nruntime.main\n\tC:/Program Files/Go/src/runtime/proc.go:250"}
{"level":"warn","ts":1686160519.797677,"caller":"log/logger.go:36","msg":"Logger sync fail","error":"sync /dev/stdout: The handle is invalid."}
{"level":"error","ts":1686160519.835566,"caller":"app/app.go:37","msg":"ERR_INIT_REPOSITORY","error":"source driver: unknown driver 'file' (forgotten import?)","stacktrace":"github.com/KbtuGophers/kiosk/account/internal/app.Run\n\tC:/Development/kiosk/account/internal/app/app.go:37\nmain.main\n\tC:/Development/kiosk/account/main.go:6\nruntime.main\n\tC:/Program Files/Go/src/runtime/proc.go:250"}
{"level":"warn","ts":1686160686.689989,"caller":"log/logger.go:36","msg":"Logger sync fail","error":"sync /dev/stdout: The handle is invalid."}
{"level":"error","ts":1686160686.6912093,"caller":"app/app.go:37","msg":"ERR_INIT_REPOSITORY","error":"sql: unknown driver \"\" (forgotten import?)","stacktrace":"github.com/KbtuGophers/kiosk/account/internal/app.Run\n\tC:/Development/kiosk/account/internal/app/app.go:37\nmain.main\n\tC:/Development/kiosk/account/main.go:6\nruntime.main\n\tC:/Program Files/Go/src/runtime/proc.go:250"}
{"level":"warn","ts":1686160719.586313,"caller":"log/logger.go:36","msg":"Logger sync fail","error":"sync /dev/stdout: The handle is invalid."}
{"level":"error","ts":1686160719.6313806,"caller":"app/app.go:37","msg":"ERR_INIT_REPOSITORY","error":"source driver: unknown driver 'file' (forgotten import?)","stacktrace":"github.com/KbtuGophers/kiosk/account/internal/app.Run\n\tC:/Development/kiosk/account/internal/app/app.go:37\nmain.main\n\tC:/Development/kiosk/account/main.go:6\nruntime.main\n\tC:/Program Files/Go/src/runtime/proc.go:250"}
{"level":"warn","ts":1686160861.456499,"caller":"log/logger.go:36","msg":"Logger sync fail","error":"sync /dev/stdout: The handle is invalid."}
{"level":"error","ts":1686160861.605307,"caller":"app/app.go:37","msg":"ERR_INIT_REPOSITORY","error":"source driver: unknown driver 'file' (forgotten import?)","stacktrace":"github.com/KbtuGophers/kiosk/account/internal/app.Run\n\tC:/Development/kiosk/account/internal/app/app.go:37\nmain.main\n\tC:/Development/kiosk/account/main.go:6\nruntime.main\n\tC:/Program Files/Go/src/runtime/proc.go:250"}
{"level":"warn","ts":1686160910.7081413,"caller":"log/logger.go:36","msg":"Logger sync fail","error":"sync /dev/stdout: The handle is invalid."}
{"level":"error","ts":1686160910.9388907,"caller":"app/app.go:37","msg":"ERR_INIT_REPOSITORY","error":"Dirty database version 1. Fix and force version.","stacktrace":"github.com/KbtuGophers/kiosk/account/internal/app.Run\n\tC:/Development/kiosk/account/internal/app/app.go:37\nmain.main\n\tC:/Development/kiosk/account/main.go:6\nruntime.main\n\tC:/Program Files/Go/src/runtime/proc.go:250"}
{"level":"warn","ts":1686161017.2663412,"caller":"log/logger.go:36","msg":"Logger sync fail","error":"sync /dev/stdout: The handle is invalid."}
{"level":"error","ts":1686161017.3590877,"caller":"app/app.go:37","msg":"ERR_INIT_REPOSITORY","error":"Dirty database version 1. Fix and force version.","stacktrace":"github.com/KbtuGophers/kiosk/account/internal/app.Run\n\tC:/Development/kiosk/account/internal/app/app.go:37\nmain.main\n\tC:/Development/kiosk/account/main.go:6\nruntime.main\n\tC:/Program Files/Go/src/runtime/proc.go:250"}
{"level":"warn","ts":1686161121.9261463,"caller":"log/logger.go:36","msg":"Logger sync fail","error":"sync /dev/stdout: The handle is invalid."}
{"level":"warn","ts":1686161169.6190987,"caller":"log/logger.go:36","msg":"Logger sync fail","error":"sync /dev/stdout: The handle is invalid."}
{"level":"error","ts":1686161169.81031,"caller":"app/app.go:37","msg":"ERR_INIT_REPOSITORY","error":"no change","stacktrace":"github.com/KbtuGophers/kiosk/account/internal/app.Run\n\tC:/Development/kiosk/account/internal/app/app.go:37\nmain.main\n\tC:/Development/kiosk/account/main.go:6\nruntime.main\n\tC:/Program Files/Go/src/runtime/proc.go:250"}
{"level":"warn","ts":1686161283.3191583,"caller":"log/logger.go:36","msg":"Logger sync fail","error":"sync /dev/stdout: The handle is invalid."}
{"level":"error","ts":1686161283.4048996,"caller":"app/app.go:37","msg":"ERR_INIT_REPOSITORY","error":"no change","stacktrace":"github.com/KbtuGophers/kiosk/account/internal/app.Run\n\tC:/Development/kiosk/account/internal/app/app.go:37\nmain.main\n\tC:/Development/kiosk/account/main.go:6\nruntime.main\n\tC:/Program Files/Go/src/runtime/proc.go:250"}
{"level":"warn","ts":1686161440.184152,"caller":"log/logger.go:36","msg":"Logger sync fail","error":"sync /dev/stdout: The handle is invalid."}
{"level":"error","ts":1686161440.279419,"caller":"app/app.go:37","msg":"ERR_INIT_REPOSITORY","error":"no change","stacktrace":"github.com/KbtuGophers/kiosk/account/internal/app.Run\n\tC:/Development/kiosk/account/internal/app/app.go:37\nmain.main\n\tC:/Development/kiosk/account/main.go:6\nruntime.main\n\tC:/Program Files/Go/src/runtime/proc.go:250"}
{"level":"warn","ts":1686161466.507712,"caller":"log/logger.go:36","msg":"Logger sync fail","error":"sync /dev/stdout: The handle is invalid."}
{"level":"warn","ts":1686161488.850407,"caller":"log/logger.go:36","msg":"Logger sync fail","error":"sync /dev/stdout: The handle is invalid."}
{"level":"info","ts":1686161488.9603055,"caller":"server/server.go:37","msg":"http server started on http://localhost:80"}
{"level":"warn","ts":1686161872.1874485,"caller":"log/logger.go:36","msg":"Logger sync fail","error":"sync /dev/stdout: The handle is invalid."}
{"level":"info","ts":1686161872.3065464,"caller":"server/server.go:37","msg":"http server started on http://localhost:80"}
{"level":"warn","ts":1686240786.9845774,"caller":"log/logger.go:36","msg":"Logger sync fail","error":"sync /dev/stdout: The handle is invalid."}
{"level":"error","ts":1686240786.9856493,"caller":"app/app.go:41","msg":"ERR_INIT_REPOSITORY","error":"sql: undefined data source name ","stacktrace":"github.com/KbtuGophers/kiosk/account/internal/app.Run\n\tC:/Development/kiosk/account/internal/app/app.go:41\nmain.main\n\tC:/Development/kiosk/account/main.go:6\nruntime.main\n\tC:/Program Files/Go/src/runtime/proc.go:250"}
{"level":"warn","ts":1686240840.33071,"caller":"log/logger.go:36","msg":"Logger sync fail","error":"sync /dev/stdout: The handle is invalid."}
{"level":"error","ts":1686240840.5005522,"caller":"app/app.go:59","msg":"ERR_PARSE_ATTEMPTS_TO_INT","stacktrace":"github.com/KbtuGophers/kiosk/account/internal/app.Run\n\tC:/Development/kiosk/account/internal/app/app.go:59\nmain.main\n\tC:/Development/kiosk/account/main.go:6\nruntime.main\n\tC:/Program Files/Go/src/runtime/proc.go:250"}
{"level":"info","ts":1686240840.50106,"caller":"server/server.go:37","msg":"http server started on http://localhost:80"}
{"level":"warn","ts":1686240912.6999462,"caller":"log/logger.go:36","msg":"Logger sync fail","error":"sync /dev/stdout: The handle is invalid."}
{"level":"error","ts":1686240912.7855024,"caller":"app/app.go:60","msg":"ERR_PARSE_ATTEMPTS_TO_INT","stacktrace":"github.com/KbtuGophers/kiosk/account/internal/app.Run\n\tC:/Development/kiosk/account/internal/app/app.go:60\nmain.main\n\tC:/Development/kiosk/account/main.go:6\nruntime.main\n\tC:/Program Files/Go/src/runtime/proc.go:250"}
{"level":"info","ts":1686240912.7860277,"caller":"server/server.go:37","msg":"http server started on http://localhost:80"}
{"level":"warn","ts":1686240977.3297582,"caller":"log/logger.go:36","msg":"Logger sync fail","error":"sync /dev/stdout: The handle is invalid."}
{"level":"info","ts":1686240977.4124372,"caller":"server/server.go:37","msg":"http server started on http://localhost:80"}
{"level":"warn","ts":1686242899.6061952,"caller":"log/logger.go:36","msg":"Logger sync fail","error":"sync /dev/stdout: The handle is invalid."}
{"level":"info","ts":1686242899.6927102,"caller":"server/server.go:37","msg":"http server started on http://localhost:80"}
{"level":"warn","ts":1686243062.5828454,"caller":"log/logger.go:36","msg":"Logger sync fail","error":"sync /dev/stdout: The handle is invalid."}
{"level":"info","ts":1686243062.6658611,"caller":"server/server.go:37","msg":"http server started on http://localhost:80"}
{"level":"warn","ts":1686243669.33686,"caller":"log/logger.go:36","msg":"Logger sync fail","error":"sync /dev/stdout: The handle is invalid."}
{"level":"info","ts":1686243669.4791315,"caller":"server/server.go:37","msg":"http server started on http://localhost:80"}
{"level":"warn","ts":1686243910.0698524,"caller":"log/logger.go:36","msg":"Logger sync fail","error":"sync /dev/stdout: The handle is invalid."}
{"level":"info","ts":1686243910.1575413,"caller":"server/server.go:37","msg":"http server started on http://localhost:80"}
{"level":"warn","ts":1686244032.8748019,"caller":"log/logger.go:36","msg":"Logger sync fail","error":"sync /dev/stdout: The handle is invalid."}
{"level":"info","ts":1686244033.080265,"caller":"server/server.go:37","msg":"http server started on http://localhost:80"}
{"level":"warn","ts":1686244085.4779077,"caller":"log/logger.go:36","msg":"Logger sync fail","error":"sync /dev/stdout: The handle is invalid."}
{"level":"info","ts":1686244085.6689236,"caller":"server/server.go:37","msg":"http server started on http://localhost:80"}
{"level":"warn","ts":1686244253.7118976,"caller":"log/logger.go:36","msg":"Logger sync fail","error":"sync /dev/stdout: The handle is invalid."}
{"level":"info","ts":1686244254.015014,"caller":"server/server.go:37","msg":"http server started on http://localhost:80"}
{"level":"warn","ts":1686244297.961565,"caller":"log/logger.go:36","msg":"Logger sync fail","error":"sync /dev/stdout: The handle is invalid."}
{"level":"info","ts":1686244298.0895903,"caller":"server/server.go:37","msg":"http server started on http://localhost:80"}
{"level":"warn","ts":1686244470.8596783,"caller":"log/logger.go:36","msg":"Logger sync fail","error":"sync /dev/stdout: The handle is invalid."}
{"level":"info","ts":1686244470.9493625,"caller":"server/server.go:37","msg":"http server started on http://localhost:80"}
{"level":"warn","ts":1686244544.543901,"caller":"log/logger.go:36","msg":"Logger sync fail","error":"sync /dev/stdout: The handle is invalid."}
{"level":"info","ts":1686244544.629243,"caller":"server/server.go:37","msg":"http server started on http://localhost:80"}
{"level":"warn","ts":1686244586.1520145,"caller":"log/logger.go:36","msg":"Logger sync fail","error":"sync /dev/stdout: The handle is invalid."}
{"level":"info","ts":1686244586.2406414,"caller":"server/server.go:37","msg":"http server started on http://localhost:80"}
{"level":"warn","ts":1686245991.2676153,"caller":"log/logger.go:36","msg":"Logger sync fail","error":"sync /dev/stdout: The handle is invalid."}
{"level":"error","ts":1686245991.2694254,"caller":"app/app.go:42","msg":"ERR_INIT_REPOSITORY","error":"sql: undefined data source name ","stacktrace":"github.com/KbtuGophers/kiosk/account/internal/app.Run\n\tC:/Development/kiosk/account/internal/app/app.go:42\nmain.main\n\tC:/Development/kiosk/account/main.go:6\nruntime.main\n\tC:/Program Files/Go/src/runtime/proc.go:250"}
{"level":"warn","ts":1686246023.616508,"caller":"log/logger.go:36","msg":"Logger sync fail","error":"sync /dev/stdout: The handle is invalid."}
{"level":"info","ts":1686246023.7096772,"caller":"server/server.go:37","msg":"http server started on http://localhost:80"}
{"level":"warn","ts":1686246176.3885958,"caller":"log/logger.go:36","msg":"Logger sync fail","error":"sync /dev/stdout: The handle is invalid."}
{"level":"info","ts":1686246176.5875032,"caller":"server/server.go:37","msg":"http server started on http://localhost:80"}
{"level":"warn","ts":1686246260.9148939,"caller":"log/logger.go:36","msg":"Logger sync fail","error":"sync /dev/stdout: The handle is invalid."}
{"level":"info","ts":1686246261.0008564,"caller":"server/server.go:37","msg":"http server started on http://localhost:80"}
{"level":"warn","ts":1686246280.9201274,"caller":"log/logger.go:36","msg":"Logger sync fail","error":"sync /dev/stdout: The handle is invalid."}
{"level":"info","ts":1686246281.1018794,"caller":"server/server.go:37","msg":"http server started on http://localhost:80"}
{"level":"warn","ts":1686246320.0297058,"caller":"log/logger.go:36","msg":"Logger sync fail","error":"sync /dev/stdout: The handle is invalid."}
{"level":"info","ts":1686246320.1156645,"caller":"server/server.go:37","msg":"http server started on http://localhost:80"}
{"level":"warn","ts":1686246488.662519,"caller":"log/logger.go:36","msg":"Logger sync fail","error":"sync /dev/stdout: The handle is invalid."}
{"level":"info","ts":1686246488.8532507,"caller":"server/server.go:37","msg":"http server started on http://localhost:80"}
{"level":"warn","ts":1686246721.6795397,"caller":"log/logger.go:36","msg":"Logger sync fail","error":"sync /dev/stdout: The handle is invalid."}
{"level":"info","ts":1686246721.8829656,"caller":"server/server.go:37","msg":"http server started on http://localhost:80"}
{"level":"warn","ts":1686246781.962307,"caller":"log/logger.go:36","msg":"Logger sync fail","error":"sync /dev/stdout: The handle is invalid."}
{"level":"info","ts":1686246782.1568704,"caller":"server/server.go:37","msg":"http server started on http://localhost:80"}
{"level":"warn","ts":1686246887.492641,"caller":"log/logger.go:36","msg":"Logger sync fail","error":"sync /dev/stdout: The handle is invalid."}
{"level":"info","ts":1686246887.5804396,"caller":"server/server.go:37","msg":"http server started on http://localhost:80"}
{"level":"warn","ts":1686246937.3917255,"caller":"log/logger.go:36","msg":"Logger sync fail","error":"sync /dev/stdout: The handle is invalid."}
{"level":"info","ts":1686246937.4899569,"caller":"server/server.go:37","msg":"http server started on http://localhost:80"}
{"level":"warn","ts":1686247300.0769322,"caller":"log/logger.go:36","msg":"Logger sync fail","error":"sync /dev/stdout: The handle is invalid."}
{"level":"info","ts":1686247300.2852476,"caller":"server/server.go:37","msg":"http server started on http://localhost:80"}
{"level":"warn","ts":1686247482.9433522,"caller":"log/logger.go:36","msg":"Logger sync fail","error":"sync /dev/stdout: The handle is invalid."}
{"level":"info","ts":1686247483.1379836,"caller":"server/server.go:37","msg":"http server started on http://localhost:80"}
{"level":"warn","ts":1686247564.7715795,"caller":"log/logger.go:36","msg":"Logger sync fail","error":"sync /dev/stdout: The handle is invalid."}
{"level":"info","ts":1686247564.9816244,"caller":"server/server.go:37","msg":"http server started on http://localhost:80"}
{"level":"warn","ts":1686247782.5157084,"caller":"log/logger.go:36","msg":"Logger sync fail","error":"sync /dev/stdout: The handle is invalid."}
{"level":"info","ts":1686247782.8139005,"caller":"server/server.go:37","msg":"http server started on http://localhost:80"}
{"level":"warn","ts":1686247846.3434527,"caller":"log/logger.go:36","msg":"Logger sync fail","error":"sync /dev/stdout: The handle is invalid."}
{"level":"info","ts":1686247846.4258747,"caller":"server/server.go:37","msg":"http server started on http://localhost:80"}
{"level":"warn","ts":1686247890.746656,"caller":"log/logger.go:36","msg":"Logger sync fail","error":"sync /dev/stdout: The handle is invalid."}
{"level":"info","ts":1686247890.8336225,"caller":"server/server.go:37","msg":"http server started on http://localhost:80"}
{"level":"warn","ts":1686247921.3069263,"caller":"log/logger.go:36","msg":"Logger sync fail","error":"sync /dev/stdout: The handle is invalid."}
{"level":"info","ts":1686247921.4938838,"caller":"server/server.go:37","msg":"http server started on http://localhost:80"}
{"level":"warn","ts":1686248042.4270442,"caller":"log/logger.go:36","msg":"Logger sync fail","error":"sync /dev/stdout: The handle is invalid."}
{"level":"info","ts":1686248042.5082548,"caller":"server/server.go:37","msg":"http server started on http://localhost:80"}
{"level":"warn","ts":1686248106.9266813,"caller":"log/logger.go:36","msg":"Logger sync fail","error":"sync /dev/stdout: The handle is invalid."}
{"level":"info","ts":1686248107.0110712,"caller":"server/server.go:37","msg":"http server started on http://localhost:80"}
{"level":"warn","ts":1686248248.157435,"caller":"log/logger.go:36","msg":"Logger sync fail","error":"sync /dev/stdout: The handle is invalid."}
{"level":"info","ts":1686248248.241601,"caller":"server/server.go:37","msg":"http server started on http://localhost:80"}
{"level":"warn","ts":1686248320.2771156,"caller":"log/logger.go:36","msg":"Logger sync fail","error":"sync /dev/stdout: The handle is invalid."}
{"level":"info","ts":1686248320.3633852,"caller":"server/server.go:37","msg":"http server started on http://localhost:80"}
{"level":"warn","ts":1686248391.7050586,"caller":"log/logger.go:36","msg":"Logger sync fail","error":"sync /dev/stdout: The handle is invalid."}
{"level":"info","ts":1686248391.798667,"caller":"server/server.go:37","msg":"http server started on http://localhost:80"}
{"level":"warn","ts":1686248651.8053324,"caller":"log/logger.go:36","msg":"Logger sync fail","error":"sync /dev/stdout: The handle is invalid."}
{"level":"info","ts":1686248651.8932958,"caller":"server/server.go:37","msg":"http server started on http://localhost:80"}
{"level":"warn","ts":1686248731.816262,"caller":"log/logger.go:36","msg":"Logger sync fail","error":"sync /dev/stdout: The handle is invalid."}
{"level":"info","ts":1686248731.9121487,"caller":"server/server.go:37","msg":"http server started on http://localhost:80"}
{"level":"warn","ts":1686248827.0170393,"caller":"log/logger.go:36","msg":"Logger sync fail","error":"sync /dev/stdout: The handle is invalid."}
{"level":"info","ts":1686248827.1153212,"caller":"server/server.go:37","msg":"http server started on http://localhost:80"}
{"level":"warn","ts":1686248968.6476693,"caller":"log/logger.go:36","msg":"Logger sync fail","error":"sync /dev/stdout: The handle is invalid."}
{"level":"info","ts":1686248968.7308445,"caller":"server/server.go:37","msg":"http server started on http://localhost:80"}
{"level":"warn","ts":1686248988.854615,"caller":"log/logger.go:36","msg":"Logger sync fail","error":"sync /dev/stdout: The handle is invalid."}
{"level":"info","ts":1686248988.9383159,"caller":"server/server.go:37","msg":"http server started on http://localhost:80"}
{"level":"warn","ts":1686249031.050612,"caller":"log/logger.go:36","msg":"Logger sync fail","error":"sync /dev/stdout: The handle is invalid."}
{"level":"info","ts":1686249031.1351762,"caller":"server/server.go:37","msg":"http server started on http://localhost:80"}
{"level":"warn","ts":1686249246.6065562,"caller":"log/logger.go:36","msg":"Logger sync fail","error":"sync /dev/stdout: The handle is invalid."}
{"level":"info","ts":1686249246.800259,"caller":"server/server.go:37","msg":"http server started on http://localhost:80"}
{"level":"warn","ts":1686249278.9121127,"caller":"log/logger.go:36","msg":"Logger sync fail","error":"sync /dev/stdout: The handle is invalid."}
{"level":"info","ts":1686249279.0052037,"caller":"server/server.go:37","msg":"http server started on http://localhost:80"}
{"level":"warn","ts":1686249312.6632814,"caller":"log/logger.go:36","msg":"Logger sync fail","error":"sync /dev/stdout: The handle is invalid."}
{"level":"info","ts":1686249312.7451196,"caller":"server/server.go:37","msg":"http server started on http://localhost:80"}
